Build started 2017-01-25 18:09:31.
     1>Project "D:\Harddrive copy 20160412\METODIK\invaderGameCLEAN\invaderGame\invaderGame.vcxproj" on node 2 (Build target(s)).
     1>ClCompile:
         C:\Program Files (x86)\Microsoft Visual Studio 14.0\VC\bin\CL.exe /c /IC:\Users\Entairex\Desktop\METODIK\devil\include /IC:\Users\Entairex\Desktop\METODIK\glut /ZI /nologo /W3 /WX- /sdl /Od /Oy- /D WIN32 /D _DEBUG /D _CONSOLE /D _LIB /D _UNICODE /D UNICODE /Gm /EHsc /RTC1 /MDd /GS /fp:precise /Zc:wchar_t /Zc:forScope /Zc:inline /Fo"Debug\\" /Fd"Debug\vc140.pdb" /FR"Debug\\" /Gd /TP /analyze- /errorReport:prompt Bullet.cpp CameraEffect.cpp Condition.cpp DrawingControl.cpp Enemy.cpp Explode.cpp Global.cpp HUD.cpp Player.cpp Wall.cpp main.cpp
         main.cpp
     1>d:\harddrive copy 20160412\metodik\invadergameclean\invadergame\global.h(5): fatal error C1083: Cannot open include file: 'glut.h': No such file or directory
         Wall.cpp
     1>d:\harddrive copy 20160412\metodik\invadergameclean\invadergame\drawingcontrol.h(5): fatal error C1083: Cannot open include file: 'glut.h': No such file or directory
         Player.cpp
     1>d:\harddrive copy 20160412\metodik\invadergameclean\invadergame\global.h(5): fatal error C1083: Cannot open include file: 'glut.h': No such file or directory
         HUD.cpp
     1>d:\harddrive copy 20160412\metodik\invadergameclean\invadergame\drawingcontrol.h(5): fatal error C1083: Cannot open include file: 'glut.h': No such file or directory
         Global.cpp
     1>d:\harddrive copy 20160412\metodik\invadergameclean\invadergame\global.h(5): fatal error C1083: Cannot open include file: 'glut.h': No such file or directory
         Explode.cpp
     1>d:\harddrive copy 20160412\metodik\invadergameclean\invadergame\global.h(5): fatal error C1083: Cannot open include file: 'glut.h': No such file or directory
         Enemy.cpp
     1>d:\harddrive copy 20160412\metodik\invadergameclean\invadergame\global.h(5): fatal error C1083: Cannot open include file: 'glut.h': No such file or directory
         DrawingControl.cpp
     1>d:\harddrive copy 20160412\metodik\invadergameclean\invadergame\global.h(5): fatal error C1083: Cannot open include file: 'glut.h': No such file or directory
         Condition.cpp
     1>d:\harddrive copy 20160412\metodik\invadergameclean\invadergame\drawingcontrol.h(5): fatal error C1083: Cannot open include file: 'glut.h': No such file or directory
         CameraEffect.cpp
     1>d:\harddrive copy 20160412\metodik\invadergameclean\invadergame\global.h(5): fatal error C1083: Cannot open include file: 'glut.h': No such file or directory
         Bullet.cpp
     1>d:\harddrive copy 20160412\metodik\invadergameclean\invadergame\drawingcontrol.h(5): fatal error C1083: Cannot open include file: 'glut.h': No such file or directory
         Generating Code...
     1>Done Building Project "D:\Harddrive copy 20160412\METODIK\invaderGameCLEAN\invaderGame\invaderGame.vcxproj" (Build target(s)) -- FAILED.

Build FAILED.

Time Elapsed 00:00:00.64
